# JRE version: OpenJDK Runtime Environment (11.0.10) (build 11.0.10+0-b96-7249189)
# Java VM: OpenJDK 64-Bit Server VM (11.0.10+0-b96-7249189, mixed mode, tiered, compressed oops, g1 gc, windows-amd64)
Heap:
 garbage-first heap   total 381952K, used 284913K [0x0000000080000000, 0x0000000100000000)
  region size 1024K, 13 young (13312K), 10 survivors (10240K)
 Metaspace       used 86072K, capacity 88844K, committed 89088K, reserved 1126400K
  class space    used 11166K, capacity 12243K, committed 12364K, reserved 1048576K
GC Heap History (20 events):
Event: 59.946 GC heap before
{Heap before GC invocations=47 (full 0):
 garbage-first heap   total 157696K, used 101110K [0x0000000080000000, 0x0000000100000000)
  region size 1024K, 3 young (3072K), 2 survivors (2048K)
 Metaspace       used 83389K, capacity 86007K, committed 86528K, reserved 1124352K
  class space    used 10973K, capacity 11958K, committed 12108K, reserved 1048576K
}
Event: 59.950 GC heap after
{Heap after GC invocations=48 (full 0):
 garbage-first heap   total 157696K, used 99192K [0x0000000080000000, 0x0000000100000000)
  region size 1024K, 1 young (1024K), 1 survivors (1024K)
 Metaspace       used 83389K, capacity 86007K, committed 86528K, reserved 1124352K
  class space    used 10973K, capacity 11958K, committed 12108K, reserved 1048576K
}
Event: 60.233 GC heap before
{Heap before GC invocations=49 (full 0):
 garbage-first heap   total 157696K, used 101240K [0x0000000080000000, 0x0000000100000000)
  region size 1024K, 2 young (2048K), 1 survivors (1024K)
 Metaspace       used 83389K, capacity 86007K, committed 86528K, reserved 1124352K
  class space    used 10973K, capacity 11958K, committed 12108K, reserved 1048576K
}
Event: 60.235 GC heap after
{Heap after GC invocations=50 (full 0):
 garbage-first heap   total 157696K, used 99003K [0x0000000080000000, 0x0000000100000000)
  region size 1024K, 1 young (1024K), 1 survivors (1024K)
 Metaspace       used 83389K, capacity 86007K, committed 86528K, reserved 1124352K
  class space    used 10973K, capacity 11958K, committed 12108K, reserved 1048576K
}
Event: 60.820 GC heap before
{Heap before GC invocations=51 (full 0):
 garbage-first heap   total 157696K, used 101051K [0x0000000080000000, 0x0000000100000000)
  region size 1024K, 2 young (2048K), 1 survivors (1024K)
 Metaspace       used 83393K, capacity 86013K, committed 86528K, reserved 1124352K
  class space    used 10973K, capacity 11959K, committed 12108K, reserved 1048576K
}
Event: 60.822 GC heap after
{Heap after GC invocations=52 (full 0):
 garbage-first heap   total 157696K, used 98964K [0x0000000080000000, 0x0000000100000000)
  region size 1024K, 1 young (1024K), 1 survivors (1024K)
 Metaspace       used 83393K, capacity 86013K, committed 86528K, reserved 1124352K
  class space    used 10973K, capacity 11959K, committed 12108K, reserved 1048576K
}
Event: 61.461 GC heap before
{Heap before GC invocations=53 (full 0):
 garbage-first heap   total 157696K, used 101012K [0x0000000080000000, 0x0000000100000000)
  region size 1024K, 2 young (2048K), 1 survivors (1024K)
 Metaspace       used 83395K, capacity 86013K, committed 86528K, reserved 1124352K
  class space    used 10973K, capacity 11959K, committed 12108K, reserved 1048576K
}
Event: 61.463 GC heap after
{Heap after GC invocations=54 (full 0):
 garbage-first heap   total 157696K, used 98963K [0x0000000080000000, 0x0000000100000000)
  region size 1024K, 1 young (1024K), 1 survivors (1024K)
 Metaspace       used 83395K, capacity 86013K, committed 86528K, reserved 1124352K
  class space    used 10973K, capacity 11959K, committed 12108K, reserved 1048576K
}
Event: 61.678 GC heap before
{Heap before GC invocations=55 (full 0):
 garbage-first heap   total 223232K, used 219795K [0x0000000080000000, 0x0000000100000000)
  region size 1024K, 2 young (2048K), 1 survivors (1024K)
 Metaspace       used 83402K, capacity 86019K, committed 86528K, reserved 1124352K
  class space    used 10974K, capacity 11961K, committed 12108K, reserved 1048576K
}
Event: 61.680 GC heap after
{Heap after GC invocations=56 (full 0):
 garbage-first heap   total 223232K, used 98975K [0x0000000080000000, 0x0000000100000000)
  region size 1024K, 1 young (1024K), 1 survivors (1024K)
 Metaspace       used 83402K, capacity 86019K, committed 86528K, reserved 1124352K
  class space    used 10974K, capacity 11961K, committed 12108K, reserved 1048576K
}
Event: 68.800 GC heap before
{Heap before GC invocations=57 (full 0):
 garbage-first heap   total 223232K, used 126623K [0x0000000080000000, 0x0000000100000000)
  region size 1024K, 22 young (22528K), 1 survivors (1024K)
 Metaspace       used 84668K, capacity 87283K, committed 87680K, reserved 1124352K
  class space    used 11093K, capacity 12103K, committed 12236K, reserved 1048576K
}
Event: 68.808 GC heap after
{Heap after GC invocations=58 (full 0):
 garbage-first heap   total 223232K, used 99983K [0x0000000080000000, 0x0000000100000000)
  region size 1024K, 2 young (2048K), 2 survivors (2048K)
 Metaspace       used 84668K, capacity 87283K, committed 87680K, reserved 1124352K
  class space    used 11093K, capacity 12103K, committed 12236K, reserved 1048576K
}
Event: 123.832 GC heap before
{Heap before GC invocations=59 (full 0):
 garbage-first heap   total 336896K, used 275087K [0x0000000080000000, 0x0000000100000000)
  region size 1024K, 63 young (64512K), 2 survivors (2048K)
 Metaspace       used 85374K, capacity 88020K, committed 88192K, reserved 1126400K
  class space    used 11138K, capacity 12166K, committed 12236K, reserved 1048576K
}
Event: 123.840 GC heap after
{Heap after GC invocations=60 (full 0):
 garbage-first heap   total 336896K, used 103739K [0x0000000080000000, 0x0000000100000000)
  region size 1024K, 5 young (5120K), 5 survivors (5120K)
 Metaspace       used 85374K, capacity 88020K, committed 88192K, reserved 1126400K
  class space    used 11138K, capacity 12166K, committed 12236K, reserved 1048576K
}
Event: 125.252 GC heap before
{Heap before GC invocations=60 (full 0):
 garbage-first heap   total 336896K, used 147771K [0x0000000080000000, 0x0000000100000000)
  region size 1024K, 50 young (51200K), 5 survivors (5120K)
 Metaspace       used 86019K, capacity 88756K, committed 89088K, reserved 1126400K
  class space    used 11164K, capacity 12238K, committed 12364K, reserved 1048576K
}
Event: 125.263 GC heap after
{Heap after GC invocations=61 (full 0):
 garbage-first heap   total 336896K, used 107597K [0x0000000080000000, 0x0000000100000000)
  region size 1024K, 9 young (9216K), 9 survivors (9216K)
 Metaspace       used 86019K, capacity 88756K, committed 89088K, reserved 1126400K
  class space    used 11164K, capacity 12238K, committed 12364K, reserved 1048576K
}
Event: 125.589 GC heap before
{Heap before GC invocations=62 (full 0):
 garbage-first heap   total 336896K, used 235597K [0x0000000080000000, 0x0000000100000000)
  region size 1024K, 23 young (23552K), 9 survivors (9216K)
 Metaspace       used 86072K, capacity 88844K, committed 89088K, reserved 1126400K
  class space    used 11166K, capacity 12243K, committed 12364K, reserved 1048576K
}
Event: 125.609 GC heap after
{Heap after GC invocations=63 (full 0):
 garbage-first heap   total 336896K, used 108510K [0x0000000080000000, 0x0000000100000000)
  region size 1024K, 10 young (10240K), 10 survivors (10240K)
 Metaspace       used 86072K, capacity 88844K, committed 89088K, reserved 1126400K
  class space    used 11166K, capacity 12243K, committed 12364K, reserved 1048576K
}
Event: 125.962 GC heap before
{Heap before GC invocations=64 (full 0):
 garbage-first heap   total 336896K, used 115678K [0x0000000080000000, 0x0000000100000000)
  region size 1024K, 15 young (15360K), 10 survivors (10240K)
 Metaspace       used 86072K, capacity 88844K, committed 89088K, reserved 1126400K
  class space    used 11166K, capacity 12243K, committed 12364K, reserved 1048576K
}
Event: 125.974 GC heap after
{Heap after GC invocations=65 (full 0):
 garbage-first heap   total 336896K, used 109809K [0x0000000080000000, 0x0000000100000000)
  region size 1024K, 10 young (10240K), 10 survivors (10240K)
 Metaspace       used 86072K, capacity 88844K, committed 89088K, reserved 1126400K
  class space    used 11166K, capacity 12243K, committed 12364K, reserved 1048576K
}

